C51 COMPILER V9.57.0.0   MAIN                                                              05/02/2020 18:12:26 PAGE 1   


C51 COMPILER V9.57.0.0, COMPILATION OF MODULE MAIN
OBJECT MODULE PLACED IN .\Objects\main.obj
COMPILER INVOKED BY: D:\Keil_v5\C51\BIN\C51.EXE Code\main.c OPTIMIZE(8,SPEED) BROWSE INCDIR(.\Code) DEBUG OBJECTEXTEND P
                    -RINT(.\Listings\main.lst) OBJECT(.\Objects\main.obj)

line level    source

   1          #include <STC15F2K60S2.H>
   2          #include <global.h>
   3          #include <segment.h>
   4          #include <iic.h>
   5          #define Addr 0x22
   6          
   7          extern u8 SegContent[8];
   8          bit WriteFlag = FAIL;
   9          bit ReadFlag = FAIL;
  10          
  11          void main()
  12          {
  13   1              SysInit();
  14   1              WriteFlag = AT24C02_Write(Addr, SegContent, 8);
  15   1              while(WriteFlag == FAIL){
  16   2                      WriteFlag = AT24C02_Write(Addr, SegContent, 8);
  17   2              }
  18   1              ReadFlag = AT24C02_Read(Addr, SegContent, 8);
  19   1              while(ReadFlag == FAIL){
  20   2                      ReadFlag = AT24C02_Read(Addr, SegContent, 8);
  21   2              }
  22   1              while(1){
  23   2                      if(ReadFlag == FAIL)
  24   2                              LatchCtrl(LED_ID, 0x7F);
  25   2                      SegFresh();
  26   2              }
  27   1      }


MODULE INFORMATION:   STATIC OVERLAYABLE
   CODE SIZE        =     62    ----
   CONSTANT SIZE    =   ----    ----
   XDATA SIZE       =   ----    ----
   PDATA SIZE       =   ----    ----
   DATA SIZE        =   ----    ----
   IDATA SIZE       =   ----    ----
   BIT SIZE         =      2    ----
END OF MODULE INFORMATION.


C51 COMPILATION COMPLETE.  0 WARNING(S),  0 ERROR(S)
