C51 COMPILER V9.57.0.0   IIC                                                               08/03/2020 16:08:06 PAGE 1   


C51 COMPILER V9.57.0.0, COMPILATION OF MODULE IIC
OBJECT MODULE PLACED IN .\Objects\iic.obj
COMPILER INVOKED BY: D:\Keil_v5\C51\BIN\C51.EXE Code\iic.c OPTIMIZE(8,SPEED) BROWSE INCDIR(.\Code) DEBUG OBJECTEXTEND PR
                    -INT(.\Listings\iic.lst) TABS(2) OBJECT(.\Objects\iic.obj)

line level    source

   1          #include <iic.h>
   2          
   3          //100us延时
   4          void delay()    //@12.000MHz
   5          {
   6   1        unsigned char i, j;
   7   1      
   8   1        i = 2;
   9   1        j = 39;
  10   1        do
  11   1        {
  12   2          while (--j);
  13   2        } while (--i);
  14   1      }
  15          
  16          
  17          //IIC初始化
  18          void iic_init()
  19          {
  20   1        SCL = 1;
  21   1        SDA = 1;
  22   1        delay();
  23   1      }
  24          
  25          
  26          //IIC启动信号
  27          void iic_start()
  28          {
  29   1        SCL = 1;
  30   1        SDA = 1;
  31   1        delay();
  32   1        SDA = 0;
  33   1        delay();
  34   1      }
  35          
  36          
  37          //IIC应答
  38          void iic_send_ack()
  39          {
  40   1        SCL = 0;
  41   1        delay();
  42   1        SDA = 1;
  43   1        delay();
  44   1      }
  45          
  46          
  47          //IIC停止
  48          void iic_stop()
  49          {
  50   1        SDA = 0;
  51   1        SCL = 1;
  52   1        delay();
  53   1        SDA = 1;
  54   1        delay();
C51 COMPILER V9.57.0.0   IIC                                                               08/03/2020 16:08:06 PAGE 2   

  55   1      }
  56          
  57          
  58          //写一个字节
  59          void iic_write_byte(unsigned char val)
  60          {
  61   1        unsigned char i;
  62   1        SCL = 0;
  63   1        delay();
  64   1        for(i = 0; i < 8; i++){
  65   2          SDA = (val & 0x80) ? 1 : 0;
  66   2          val = val << 1;
  67   2          SCL = 1;
  68   2          delay();
  69   2          SCL = 0;
  70   2          delay();
  71   2        }
  72   1      }
  73          
  74          
  75          //读一个字节
  76          unsigned char iic_read_byte()
  77          {
  78   1        unsigned char i, ans = 0;
  79   1        for(i = 0; i < 8; i++){
  80   2          SCL = 1;
  81   2          delay();
  82   2          ans = (ans << 1) | SDA;
  83   2          SCL = 0;
  84   2          delay();
  85   2        }
  86   1        return ans;
  87   1      }
  88          
  89          
  90          //等待应答
  91          void iic_wait_ack()
  92          {
  93   1        SCL = 1;
  94   1        delay();
  95   1        while(SDA == 1); //等待拉低
  96   1        SCL = 0;
  97   1        delay();
  98   1      }
  99          
 100          void iic_wait_no_ack()
 101          {
 102   1        SCL = 1;
 103   1        delay();
 104   1        while(SDA == 0); //等待拉高
 105   1        SCL = 0;
 106   1        delay();
 107   1      }
 108          
 109          


MODULE INFORMATION:   STATIC OVERLAYABLE
   CODE SIZE        =    144    ----
   CONSTANT SIZE    =   ----    ----
   XDATA SIZE       =   ----    ----
   PDATA SIZE       =   ----    ----
C51 COMPILER V9.57.0.0   IIC                                                               08/03/2020 16:08:06 PAGE 3   

   DATA SIZE        =   ----    ----
   IDATA SIZE       =   ----    ----
   BIT SIZE         =   ----    ----
END OF MODULE INFORMATION.


C51 COMPILATION COMPLETE.  0 WARNING(S),  0 ERROR(S)
