C51 COMPILER V9.57.0.0   MAIN                                                              05/05/2020 13:34:43 PAGE 1   


C51 COMPILER V9.57.0.0, COMPILATION OF MODULE MAIN
OBJECT MODULE PLACED IN .\Objects\main.obj
COMPILER INVOKED BY: D:\Keil_v5\C51\BIN\C51.EXE Code\main.c OPTIMIZE(8,SPEED) BROWSE INCDIR(.\Code) DEBUG OBJECTEXTEND P
                    -RINT(.\Listings\main.lst) OBJECT(.\Objects\main.obj)

line level    source

   1          #include <reg51.h>
   2          #include <intrins.h>
   3          #include <uart.h>
   4          #include <math.h>
   5          
   6          
   7          extern bit uart_busy;
   8          unsigned char buffer;
   9          
  10          
  11          void main()
  12          {
  13   1              UartInit();
  14   1              SendString("Please enter the number:\r\n");
  15   1              while(1){
  16   2                      SendString("Please enter the number:\r\n");
  17   2              }
  18   1      }
  19          
  20          
  21          /*----------------------------
  22          UART 中断服务程序
  23          -----------------------------*/
  24          void Uart() interrupt 4
  25          {
  26   1          if (RI)
  27   1          {
  28   2              RI = 0;                 //清除RI位
  29   2                      buffer = SBUF;
  30   2          }
  31   1          if (TI)
  32   1          {
  33   2              TI = 0;                 //清除TI位
  34   2              uart_busy = 0;               //清忙标志
  35   2          }
  36   1      }
  37          


MODULE INFORMATION:   STATIC OVERLAYABLE
   CODE SIZE        =     39    ----
   CONSTANT SIZE    =     27    ----
   XDATA SIZE       =   ----    ----
   PDATA SIZE       =   ----    ----
   DATA SIZE        =      1    ----
   IDATA SIZE       =   ----    ----
   BIT SIZE         =   ----    ----
END OF MODULE INFORMATION.


C51 COMPILATION COMPLETE.  0 WARNING(S),  0 ERROR(S)
