C51 COMPILER V9.57.0.0   UART                                                              05/05/2020 13:34:43 PAGE 1   


C51 COMPILER V9.57.0.0, COMPILATION OF MODULE UART
OBJECT MODULE PLACED IN .\Objects\uart.obj
COMPILER INVOKED BY: D:\Keil_v5\C51\BIN\C51.EXE Code\uart.c OPTIMIZE(8,SPEED) BROWSE INCDIR(.\Code) DEBUG OBJECTEXTEND P
                    -RINT(.\Listings\uart.lst) OBJECT(.\Objects\uart.obj)

line level    source

   1          /*---------------------------------------------------------------------*/
   2          /* --- STC MCU Limited ------------------------------------------------*/
   3          /* --- STC15F4K60S4 系列 定时器1用作串口1的波特率发生器举例------------*/
   4          /* --- Mobile: (86)13922805190 ----------------------------------------*/
   5          /* --- Fax: 86-0513-55012956,55012947,55012969 ------------------------*/
   6          /* --- Tel: 86-0513-55012928,55012929,55012966-------------------------*/
   7          /* --- Web: www.STCMCU.com --------------------------------------------*/
   8          /* --- Web: www.GXWMCU.com --------------------------------------------*/
   9          /* 如果要在程序中使用此代码,请在程序中注明使用了STC的资料及程序        */
  10          /* 如果要在文章中应用此代码,请在文章中注明使用了STC的资料及程序        */
  11          /*---------------------------------------------------------------------*/
  12          
  13          //本示例在Keil开发环境下请选择Intel的8058芯片型号进行编译
  14          //若无特别说明,工作频率一般为11.0592MHz
  15          
  16          
  17          #include "reg51.h"
  18          #include "intrins.h"
  19          
  20          typedef unsigned char BYTE;
  21          typedef unsigned int WORD;
  22          
  23          #define FOSC 11059200L          //系统频率
  24          #define BAUD 115200             //串口波特率
  25          
  26          #define NONE_PARITY     0       //无校验
  27          #define ODD_PARITY      1       //奇校验
  28          #define EVEN_PARITY     2       //偶校验
  29          #define MARK_PARITY     3       //标记校验
  30          #define SPACE_PARITY    4       //空白校验
  31          
  32          #define PARITYBIT NONE_PARITY   //定义校验位
  33          
  34          
  35          
  36          sfr AUXR  = 0x8e;               //辅助寄存器
  37          
  38          sfr P_SW1   = 0xA2;             //外设功能切换寄存器1
  39          
  40          #define S1_S0 0x40              //P_SW1.6
  41          #define S1_S1 0x80              //P_SW1.7
  42          
  43          
  44          bit uart_busy;  
  45          
  46          /* 
  47           *      串口初始化
  48           */
  49          
  50          void UartInit()
  51          {
  52   1      
  53   1      
  54   1          ACC = P_SW1;
C51 COMPILER V9.57.0.0   UART                                                              05/05/2020 13:34:43 PAGE 2   

  55   1          ACC &= ~(S1_S0 | S1_S1);    //S1_S0=0 S1_S1=0
  56   1          P_SW1 = ACC;                //(P3.0/RxD, P3.1/TxD)
  57   1          
  58   1      //  ACC = P_SW1;
  59   1      //  ACC &= ~(S1_S0 | S1_S1);    //S1_S0=1 S1_S1=0
  60   1      //  ACC |= S1_S0;               //(P3.6/RxD_2, P3.7/TxD_2)
  61   1      //  P_SW1 = ACC;  
  62   1      //  
  63   1      //  ACC = P_SW1;
  64   1      //  ACC &= ~(S1_S0 | S1_S1);    //S1_S0=0 S1_S1=1
  65   1      //  ACC |= S1_S1;               //(P1.6/RxD_3, P1.7/TxD_3)
  66   1      //  P_SW1 = ACC;  
  67   1      
  68   1      #if (PARITYBIT == NONE_PARITY)
  69   1          SCON = 0x50;                //8位可变波特率
  70   1      #elif (PARITYBIT == ODD_PARITY) || (PARITYBIT == EVEN_PARITY) || (PARITYBIT == MARK_PARITY)
                  SCON = 0xda;                //9位可变波特率,校验位初始为1
              #elif (PARITYBIT == SPACE_PARITY)
                  SCON = 0xd2;                //9位可变波特率,校验位初始为0
              #endif
  75   1      
  76   1          AUXR = 0x40;                //定时器1为1T模式
  77   1          TMOD = 0x00;                //定时器1为模式0(16位自动重载)
  78   1          TL1 = (65536 - (FOSC/4/BAUD));   //设置波特率重装值
  79   1          TH1 = (65536 - (FOSC/4/BAUD))>>8;
  80   1          TR1 = 1;                    //定时器1开始启动
  81   1          ES = 1;                     //使能串口中断
  82   1          EA = 1;
  83   1      }
  84          
  85          
  86          
  87          /*----------------------------
  88          发送串口数据
  89          ----------------------------*/
  90          void SendData(BYTE dat)
  91          {
  92   1          while (uart_busy);               //等待前面的数据发送完成
  93   1          ACC = dat;                  //获取校验位P (PSW.0)
  94   1          if (P)                      //根据P来设置校验位
  95   1          {
  96   2      #if (PARITYBIT == ODD_PARITY)
                      TB8 = 0;                //设置校验位为0
              #elif (PARITYBIT == EVEN_PARITY)
                      TB8 = 1;                //设置校验位为1
              #endif
 101   2          }
 102   1          else
 103   1          {
 104   2      #if (PARITYBIT == ODD_PARITY)
                      TB8 = 1;                //设置校验位为1
              #elif (PARITYBIT == EVEN_PARITY)
                      TB8 = 0;                //设置校验位为0
              #endif
 109   2          }
 110   1          uart_busy = 1;
 111   1          SBUF = ACC;                 //写数据到UART数据寄存器
 112   1      }
 113          
 114          /*----------------------------
 115          发送字符串
 116          ----------------------------*/
C51 COMPILER V9.57.0.0   UART                                                              05/05/2020 13:34:43 PAGE 3   

 117          void SendString(char *s)
 118          {
 119   1          while (*s)                  //检测字符串结束标志
 120   1          {
 121   2              SendData(*s++);         //发送当前字符
 122   2          }
 123   1      }
 124          


MODULE INFORMATION:   STATIC OVERLAYABLE
   CODE SIZE        =     74    ----
   CONSTANT SIZE    =   ----    ----
   XDATA SIZE       =   ----    ----
   PDATA SIZE       =   ----    ----
   DATA SIZE        =   ----       3
   IDATA SIZE       =   ----    ----
   BIT SIZE         =      1    ----
END OF MODULE INFORMATION.


C51 COMPILATION COMPLETE.  0 WARNING(S),  0 ERROR(S)
