C51 COMPILER V9.57.0.0   DS1302                                                            05/16/2020 00:03:54 PAGE 1   


C51 COMPILER V9.57.0.0, COMPILATION OF MODULE DS1302
OBJECT MODULE PLACED IN .\Objects\ds1302.obj
COMPILER INVOKED BY: D:\Keil_v5\C51\BIN\C51.EXE Code\ds1302.c OPTIMIZE(8,SPEED) BROWSE INCDIR(.\Code) DEBUG OBJECTEXTEND
                    - PRINT(.\Listings\ds1302.lst) OBJECT(.\Objects\ds1302.obj)

line level    source

   1          /*
   2            程序说明: DS1302驱动程序
   3            软件环境: Keil uVision 4.10 
   4            硬件环境: CT107单片机综合实训平台 8051，12MHz
   5            日    期: 2011-8-9
   6          */
   7          
   8          #include <reg52.h>
   9          #include <intrins.h>
  10          #include <ds1302.h>
  11          #include "global.h"
  12          
  13          sbit SCK = P1^7;                
  14          sbit SDA= P2^3;         
  15          sbit RST = P1^3;   // DS1302复位                                                                                              
  16          
  17          
  18          
  19          void Write_Ds1302(unsigned  char temp) 
  20          {
  21   1              unsigned char i;
  22   1              for (i=0;i<8;i++)       
  23   1              { 
  24   2                      SCK=0;
  25   2                      SDA=temp&0x01;
  26   2                      temp>>=1; 
  27   2                      SCK=1;
  28   2              }
  29   1      }   
  30          
  31          void Write_Ds1302_Byte( unsigned char address,unsigned char dat )     
  32          {
  33   1              RST=0;  Delay();
  34   1              SCK=0;  Delay();
  35   1              RST=1;  Delay();  
  36   1              Write_Ds1302(address);  
  37   1              Write_Ds1302(dat);              
  38   1              RST=0; 
  39   1      }
  40          
  41          unsigned char Read_Ds1302_Byte ( unsigned char address )
  42          {
  43   1              unsigned char i,temp=0x00;
  44   1              RST=0;  Delay();
  45   1              SCK=0;  Delay();
  46   1              RST=1;  Delay();
  47   1              Write_Ds1302(address);
  48   1              for (i=0;i<8;i++)       
  49   1              {               
  50   2                      SCK=0;
  51   2                      temp>>=1;       
  52   2                      if(SDA)
  53   2                      temp|=0x80;     
  54   2                      SCK=1;
C51 COMPILER V9.57.0.0   DS1302                                                            05/16/2020 00:03:54 PAGE 2   

  55   2              } 
  56   1              RST=0;  Delay();
  57   1              SCK=0;  Delay();
  58   1              SCK=1;  Delay();
  59   1              SDA=0;  Delay();
  60   1              SDA=1;  Delay();
  61   1              return (temp);                  
  62   1      }
  63          
  64          
  65          /**
  66           *  DS1302初始化，写入23小时59分59秒
  67           */
  68          void DS1302_Init()
  69          {
  70   1          Write_Ds1302_Byte(0x80, 0x59);    //写入59s
  71   1          Write_Ds1302_Byte(0x82, 0x59);    //写入59min
  72   1          Write_Ds1302_Byte(0x84, 0x23);    //写入23h
  73   1      }
  74          
  75          
  76          /**
  77           *  依次读取DS1302中的时，分，秒
  78           * @param
  79           * hour 小时
  80           * min  分
  81           * sec  秒
  82           */
  83          void DS1302_TimeRead(unsigned char* hour, unsigned char* min, unsigned char* sec)
  84          {
  85   1          *sec = Read_Ds1302_Byte(0x81);
  86   1          *min = Read_Ds1302_Byte(0x83);
  87   1          *hour = Read_Ds1302_Byte(0x85);
  88   1      }
  89          


MODULE INFORMATION:   STATIC OVERLAYABLE
   CODE SIZE        =    198    ----
   CONSTANT SIZE    =   ----    ----
   XDATA SIZE       =   ----    ----
   PDATA SIZE       =   ----    ----
   DATA SIZE        =   ----      13
   IDATA SIZE       =   ----    ----
   BIT SIZE         =   ----    ----
END OF MODULE INFORMATION.


C51 COMPILATION COMPLETE.  0 WARNING(S),  0 ERROR(S)
