C51 COMPILER V9.57.0.0   MAIN                                                              05/16/2020 00:03:54 PAGE 1   


C51 COMPILER V9.57.0.0, COMPILATION OF MODULE MAIN
OBJECT MODULE PLACED IN .\Objects\main.obj
COMPILER INVOKED BY: D:\Keil_v5\C51\BIN\C51.EXE Code\main.c OPTIMIZE(8,SPEED) BROWSE INCDIR(.\Code) DEBUG OBJECTEXTEND P
                    -RINT(.\Listings\main.lst) OBJECT(.\Objects\main.obj)

line level    source

   1          /************************************
   2           *      DS1302练习
   3           *                      2020/5/14   
   4           * **********************************
   5           */
   6          
   7          #include <STC15F2K60S2.H>
   8          #include "global.h"
   9          #include "segment.h"
  10          #include "timer.h"
  11          #include "ds1302.h"
  12          
  13          void ReadTime();
  14          
  15          
  16          extern u8 SegContent[];
  17          u16 Systick;    //系统tick
  18          
  19          
  20          void main()
  21          {
  22   1          SysInit();
  23   1              Timer0Init();
  24   1          DS1302_Init();
  25   1          Systick = 0;
  26   1          //LatchCtrl(LED_ID, 0x7F);    //LED测试
  27   1          while(1){
  28   2              if (Systick > 40000)    Systick = 0;    //20s设定溢出
  29   2              //每50ms读DS1302时间
  30   2              if (Systick % 100 == 0){
  31   3                 ReadTime();
  32   3              }
  33   2          }
  34   1      
  35   1      }
  36          
  37          
  38          //系统中断T0 500us
  39          void SysInterrupt() interrupt 1 
  40          {
  41   1          Systick ++;
  42   1          //3ms刷新间隔
  43   1          if (Systick % 6 == 0){
  44   2              SegFresh();
  45   2          }
  46   1      } 
  47          
  48          //读取时间
  49          void ReadTime()
  50          {
  51   1          u8 hour, min, sec;
  52   1          DS1302_TimeRead(&hour, &min, &sec);
  53   1          SegContent[0] = (hour >> 4) & 0x0F;
  54   1          SegContent[1] = hour & 0x0F;
C51 COMPILER V9.57.0.0   MAIN                                                              05/16/2020 00:03:54 PAGE 2   

  55   1          SegContent[3] = (min >> 4) & 0x0F;
  56   1          SegContent[4] = min & 0x0F;
  57   1          SegContent[6] = (sec >> 4) & 0x0F;
  58   1          SegContent[7] = sec & 0x0F;   
  59   1      }


MODULE INFORMATION:   STATIC OVERLAYABLE
   CODE SIZE        =    206    ----
   CONSTANT SIZE    =   ----    ----
   XDATA SIZE       =   ----    ----
   PDATA SIZE       =   ----    ----
   DATA SIZE        =      2       3
   IDATA SIZE       =   ----    ----
   BIT SIZE         =   ----    ----
END OF MODULE INFORMATION.


C51 COMPILATION COMPLETE.  0 WARNING(S),  0 ERROR(S)
