C51 COMPILER V9.57.0.0   TIMER                                                             05/15/2020 23:35:16 PAGE 1   


C51 COMPILER V9.57.0.0, COMPILATION OF MODULE TIMER
OBJECT MODULE PLACED IN .\Objects\timer.obj
COMPILER INVOKED BY: D:\Keil_v5\C51\BIN\C51.EXE Code\timer.c OPTIMIZE(8,SPEED) BROWSE INCDIR(.\Code) DEBUG OBJECTEXTEND 
                    -PRINT(.\Listings\timer.lst) OBJECT(.\Objects\timer.obj)

line level    source

   1          #include "global.h"
   2          #include "STC15F2K60S2.H"
   3          #include "timer.h"
   4          
   5          /*
   6           *  T0 16位自动重载计数器 500us
   7           */
   8          void Timer0Init(void)           //500微秒@11.0592MHz
   9          {
  10   1              AUXR |= 0x80;           //定时器时钟1T模式
  11   1              TMOD &= 0xF0;           //设置定时器模式
  12   1              TL0 = 0x66;             //设置定时初值
  13   1              TH0 = 0xEA;             //设置定时初值
  14   1              TF0 = 0;                //清除TF0标志
  15   1              TR0 = 1;                //定时器0开始计时
  16   1          ET0 = 1;        //使能T0
  17   1          EA = 1;
  18   1      }


MODULE INFORMATION:   STATIC OVERLAYABLE
   CODE SIZE        =     21    ----
   CONSTANT SIZE    =   ----    ----
   XDATA SIZE       =   ----    ----
   PDATA SIZE       =   ----    ----
   DATA SIZE        =   ----    ----
   IDATA SIZE       =   ----    ----
   BIT SIZE         =   ----    ----
END OF MODULE INFORMATION.


C51 COMPILATION COMPLETE.  0 WARNING(S),  0 ERROR(S)
