C51 COMPILER V9.57.0.0   MAIN                                                              07/22/2020 09:43:19 PAGE 1   


C51 COMPILER V9.57.0.0, COMPILATION OF MODULE MAIN
OBJECT MODULE PLACED IN .\Objects\main.obj
COMPILER INVOKED BY: D:\Keil_v5\C51\BIN\C51.EXE Code\main.c OPTIMIZE(8,SPEED) BROWSE INCDIR(.\Code) DEBUG OBJECTEXTEND P
                    -RINT(.\Listings\main.lst) TABS(2) OBJECT(.\Objects\main.obj)

line level    source

   1          #include <system.h>
   2          #include <intrins.h>
   3          #include <segment.h>
   4          #include <sonic.h>
   5          
   6          
   7          extern int SYSTICK;     
   8          int SYSTICK_tmp;        //存储上一tick
   9          code unsigned char SEG_INDEX[] = {0, 1, 2, 3};       //显示位置
  10          unsigned char SEG_CONTENT[] = {1, 2, 3, 4};     //显示数字
  11          unsigned int DISTANCE = 2233;  //超声波测距距离     
  12          
  13          void ContentUpdate(unsigned int dst, unsigned char content[]);
  14          
  15          int main()
  16          {
  17   1          SysInit();
  18   1          SYSTICK = 0;
  19   1          while(1){   
  20   2              SYSTICK_tmp = SYSTICK;
  21   2              while(SYSTICK_tmp == SYSTICK){;}    //等待tick
  22   2              if(SYSTICK % 5000 == 0){        //0.5s更新距离
  23   3                  DISTANCE = SonicMeasure();  //单位mm
  24   3                  ContentUpdate(DISTANCE, SEG_CONTENT);
  25   3              }
  26   2              if(SYSTICK > 40000){
  27   3                  SYSTICK = 0;
  28   3              }
  29   2              
  30   2          }
  31   1      }
  32          
  33          
  34          //定时器0用来刷新系统 100us
  35          void Timer_0_Routine() interrupt 1
  36          {
  37   1          SYSTICK ++;
  38   1          if(SYSTICK % 30 == 0){  //3ms刷新数码管
  39   2              SegmentFresh(SEG_INDEX, SEG_CONTENT);
  40   2          }
  41   1      }
  42          
  43          
  44          /*
  45           *  重新计算显示内容
  46           */
  47          void ContentUpdate(unsigned int dst, unsigned char content[])
  48          {
  49   1          char i;     //unsigned 会反向溢出，不能和0比较
  50   1          if(dst > 9999) dst = 9999;
  51   1          for(i = SEG_INDEX_MAX -1; i >= 0; i --){
  52   2              content[i] = dst % 10;
  53   2              dst = dst / 10;
  54   2          }
C51 COMPILER V9.57.0.0   MAIN                                                              07/22/2020 09:43:19 PAGE 2   

  55   1      }
  56          


MODULE INFORMATION:   STATIC OVERLAYABLE
   CODE SIZE        =    272    ----
   CONSTANT SIZE    =      4    ----
   XDATA SIZE       =   ----    ----
   PDATA SIZE       =   ----    ----
   DATA SIZE        =      8       6
   IDATA SIZE       =   ----    ----
   BIT SIZE         =   ----    ----
END OF MODULE INFORMATION.


C51 COMPILATION COMPLETE.  0 WARNING(S),  0 ERROR(S)
