C51 COMPILER V9.57.0.0   SYSTEM                                                            07/21/2020 23:47:24 PAGE 1   


C51 COMPILER V9.57.0.0, COMPILATION OF MODULE SYSTEM
OBJECT MODULE PLACED IN .\Objects\system.obj
COMPILER INVOKED BY: D:\Keil_v5\C51\BIN\C51.EXE Code\system.c OPTIMIZE(8,SPEED) BROWSE INCDIR(.\Code) DEBUG OBJECTEXTEND
                    - PRINT(.\Listings\system.lst) TABS(2) OBJECT(.\Objects\system.obj)

line level    source

   1          #include <system.h>
   2          #include <intrins.h>
   3          
   4          int SYSTICK;    //系统时钟，100us刷新
   5          /*
   6           *  锁存器控制，赋值锁存P0口
   7           * @param
   8           *  ID  控制元件的Y值
   9           *  val P0口值
  10           */ 
  11          void LatchCtrl(unsigned char ID, unsigned char val)
  12          {
  13   1          P0 = val;
  14   1          P2 |= ID << 5;
  15   1          _nop_();
  16   1          _nop_();
  17   1          _nop_();
  18   1          P2 &= 0x1F;
  19   1      }
  20          
  21          
  22          /*
  23           *  系统TICK计时器，分时切片
  24           */
  25          void Timer_0_Init(void)   //100微秒@12.000MHz
  26          {
  27   1        AUXR |= 0x80;   //定时器时钟1T模式
  28   1        TMOD &= 0xF0;   //设置定时器模式
  29   1        TL0 = 0x50;   //设置定时初值
  30   1        TH0 = 0xFB;   //设置定时初值
  31   1        TF0 = 0;    //清除TF0标志
  32   1        TR0 = 1;    //定时器0开始计时
  33   1          ET0 = 1;        //打开T0中断
  34   1          EA = 1;         //打开全局中断
  35   1      }
  36          
  37          
  38          /*
  39           *  系统初始化,关闭LED,关闭蜂鸣器,关闭继电器，关闭数码管,打开T0计时器
  40           */
  41          void SysInit()
  42          {
  43   1          LatchCtrl(ULN_ID, 0x00);
  44   1          LatchCtrl(LED_ID, 0xFF);
  45   1          LatchCtrl(SEG_COM_ID, 0x00);
  46   1          Timer_0_Init();
  47   1      }
  48          
  49          


MODULE INFORMATION:   STATIC OVERLAYABLE
   CODE SIZE        =     60    ----
   CONSTANT SIZE    =   ----    ----
C51 COMPILER V9.57.0.0   SYSTEM                                                            07/21/2020 23:47:24 PAGE 2   

   XDATA SIZE       =   ----    ----
   PDATA SIZE       =   ----    ----
   DATA SIZE        =      2    ----
   IDATA SIZE       =   ----    ----
   BIT SIZE         =   ----    ----
END OF MODULE INFORMATION.


C51 COMPILATION COMPLETE.  0 WARNING(S),  0 ERROR(S)
