C51 COMPILER V9.57.0.0   TIMER                                                             07/12/2020 17:09:45 PAGE 1   


C51 COMPILER V9.57.0.0, COMPILATION OF MODULE TIMER
OBJECT MODULE PLACED IN .\Objects\timer.obj
COMPILER INVOKED BY: D:\Keil_v5\C51\BIN\C51.EXE Code\timer.c OPTIMIZE(8,SPEED) BROWSE INCDIR(.\Code) DEBUG OBJECTEXTEND 
                    -PRINT(.\Listings\timer.lst) TABS(2) OBJECT(.\Objects\timer.obj)

line level    source

   1          #include <STC15F2K60S2.h>
   2          #include <timer.h>
   3          
   4          void Timer0Init(void)   //100微秒@12.000MHz
   5          {
   6   1        AUXR |= 0x80;   //定时器时钟1T模式
   7   1        TMOD &= 0xF0;   //设置定时器模式
   8   1        TL0 = 0x50;   //设置定时初值
   9   1        TH0 = 0xFB;   //设置定时初值
  10   1        TF0 = 0;    //清除TF0标志
  11   1        TR0 = 1;    //定时器0开始计时
  12   1          EA = 1;
  13   1          ET0 = 1;
  14   1      }


MODULE INFORMATION:   STATIC OVERLAYABLE
   CODE SIZE        =     21    ----
   CONSTANT SIZE    =   ----    ----
   XDATA SIZE       =   ----    ----
   PDATA SIZE       =   ----    ----
   DATA SIZE        =   ----    ----
   IDATA SIZE       =   ----    ----
   BIT SIZE         =   ----    ----
END OF MODULE INFORMATION.


C51 COMPILATION COMPLETE.  0 WARNING(S),  0 ERROR(S)
