C51 COMPILER V9.57.0.0   GLOBAL                                                            04/21/2020 21:49:55 PAGE 1   


C51 COMPILER V9.57.0.0, COMPILATION OF MODULE GLOBAL
OBJECT MODULE PLACED IN .\Objects\global.obj
COMPILER INVOKED BY: D:\Keil_v5\C51\BIN\C51.EXE Code\global.c OPTIMIZE(8,SPEED) BROWSE INCDIR(.\Code) DEBUG OBJECTEXTEND
                    - PRINT(.\Listings\global.lst) TABS(2) OBJECT(.\Objects\global.obj)

line level    source

   1          #include <global.h>
   2          #include <STC15F2K60S2.h>
   3          
   4          
   5          
   6          /*      
   7          @param  ID 锁存器编号
   8                  val P0值16进制
   9          */
  10          void LatchControl(u8 ID, u8 val)
  11          {
  12   1        P2 &= 0x1F; 
  13   1        P0 = val;
  14   1        P2 |= ID << 5;
  15   1        P2 &= 0x1F;
  16   1      }
  17          
  18          
  19          /*
  20          @param  
  21          
  22          */
  23          void InitBuzzer()
  24          {
  25   1        LatchControl(ULN_ID, 0x00);
  26   1        
  27   1      }
  28          
  29          
  30          


MODULE INFORMATION:   STATIC OVERLAYABLE
   CODE SIZE        =     23    ----
   CONSTANT SIZE    =   ----    ----
   XDATA SIZE       =   ----    ----
   PDATA SIZE       =   ----    ----
   DATA SIZE        =   ----    ----
   IDATA SIZE       =   ----    ----
   BIT SIZE         =   ----    ----
END OF MODULE INFORMATION.


C51 COMPILATION COMPLETE.  0 WARNING(S),  0 ERROR(S)
