C51 COMPILER V9.57.0.0   KEYBOARD                                                          04/21/2020 21:49:55 PAGE 1   


C51 COMPILER V9.57.0.0, COMPILATION OF MODULE KEYBOARD
OBJECT MODULE PLACED IN .\Objects\keyboard.obj
COMPILER INVOKED BY: D:\Keil_v5\C51\BIN\C51.EXE Code\keyboard.c OPTIMIZE(8,SPEED) BROWSE INCDIR(.\Code) DEBUG OBJECTEXTE
                    -ND PRINT(.\Listings\keyboard.lst) TABS(2) OBJECT(.\Objects\keyboard.obj)

line level    source

   1          #include <keyboard.h>
   2          #include <timer.h>
   3          #include <global.h>
   4          #include <STC15F2K60S2.h>
   5          
   6          sbit key1 = P3^0;
   7          sbit key2 = P3^1;
   8          sbit key3 = P3^2;
   9          sbit key4 = P3^3;
  10          
  11          /*
  12            @return
  13            按下按键序号/BtnNone
  14          */
  15          u8 KeyScan()
  16          {
  17   1        if(!key1){
  18   2          Delayms(15);
  19   2          if(!key1){
  20   3            while(!key1) ;
  21   3            return 1;
  22   3          }
  23   2        }
  24   1        if(!key2){
  25   2          Delayms(15);
  26   2          if(!key2){
  27   3            while(!key2) ;
  28   3            return 2;
  29   3          }
  30   2        }
  31   1        if(!key3){
  32   2          Delayms(15);
  33   2          if(!key3){
  34   3            while(!key3) ;
  35   3            return 3;
  36   3          }
  37   2        }
  38   1        if(!key4){
  39   2          Delayms(15);
  40   2          if(!key4){
  41   3            while(!key4) ;
  42   3            return 4;
  43   3          }
  44   2        }
  45   1        return BtnNone;
  46   1      }
  47          
  48          


MODULE INFORMATION:   STATIC OVERLAYABLE
   CODE SIZE        =     71    ----
   CONSTANT SIZE    =   ----    ----
   XDATA SIZE       =   ----    ----
C51 COMPILER V9.57.0.0   KEYBOARD                                                          04/21/2020 21:49:55 PAGE 2   

   PDATA SIZE       =   ----    ----
   DATA SIZE        =   ----    ----
   IDATA SIZE       =   ----    ----
   BIT SIZE         =   ----    ----
END OF MODULE INFORMATION.


C51 COMPILATION COMPLETE.  0 WARNING(S),  0 ERROR(S)
