C51 COMPILER V9.57.0.0   TIMER                                                             04/21/2020 21:49:55 PAGE 1   


C51 COMPILER V9.57.0.0, COMPILATION OF MODULE TIMER
OBJECT MODULE PLACED IN .\Objects\timer.obj
COMPILER INVOKED BY: D:\Keil_v5\C51\BIN\C51.EXE Code\timer.c OPTIMIZE(8,SPEED) BROWSE INCDIR(.\Code) DEBUG OBJECTEXTEND 
                    -PRINT(.\Listings\timer.lst) TABS(2) OBJECT(.\Objects\timer.obj)

line level    source

   1          #include <global.h>
   2          #include <STC15F2K60S2.h>
   3          #include <timer.h>
   4          #include <intrins.h>
   5          
   6          
   7          /*
   8            定时器0 500us
   9          
  10          */
  11          void Timer0Init(void)   //500微秒@11.0592MHz
  12          {
  13   1        AUXR |= 0x80;   //定时器时钟1T模式
  14   1        TMOD &= 0xF0;   //设置定时器模式
  15   1        TL0 = 0x66;   //设置定时初值
  16   1        TH0 = 0xEA;   //设置定时初值
  17   1        TF0 = 0;    //清除TF0标志
  18   1        TR0 = 1;    //定时器0开始计时
  19   1        EA = 1;
  20   1        ET0 = 1;
  21   1      }
  22          
  23          /*
  24            定时器1  50ms
  25          
  26          */
  27          void Timer1Init(void)   //50毫秒@11.0592MHz
  28          {
  29   1        AUXR &= 0xBF;   //定时器时钟12T模式
  30   1        TMOD &= 0x0F;   //设置定时器模式
  31   1        TL1 = 0x00;   //设置定时初值
  32   1        TH1 = 0x4C;   //设置定时初值
  33   1        TF1 = 0;    //清除TF1标志
  34   1        TR1 = 1;    //定时器1开始计时
  35   1        EA = 1;
  36   1        ET1 = 1;
  37   1      }
  38          
  39          
  40          
  41          
  42          /*
  43            @param
  44            xms   延迟xms
  45          */
  46          void Delayms(u8 xms)    //@11.0592MHz
  47          {
  48   1        u8 i, j, k = xms;
  49   1        do{
  50   2          _nop_();
  51   2          _nop_();
  52   2          _nop_();
  53   2          i = 11;
  54   2          j = 190;
C51 COMPILER V9.57.0.0   TIMER                                                             04/21/2020 21:49:55 PAGE 2   

  55   2          do
  56   2          {
  57   3            while (--j);
  58   3          } while (--i);
  59   2        }while(k--);
  60   1      }
  61          
  62          
  63          
  64          
  65          


MODULE INFORMATION:   STATIC OVERLAYABLE
   CODE SIZE        =     60    ----
   CONSTANT SIZE    =   ----    ----
   XDATA SIZE       =   ----    ----
   PDATA SIZE       =   ----    ----
   DATA SIZE        =   ----    ----
   IDATA SIZE       =   ----    ----
   BIT SIZE         =   ----    ----
END OF MODULE INFORMATION.


C51 COMPILATION COMPLETE.  0 WARNING(S),  0 ERROR(S)
