C51 COMPILER V9.57.0.0   GLOBAL                                                            05/02/2020 18:25:33 PAGE 1   


C51 COMPILER V9.57.0.0, COMPILATION OF MODULE GLOBAL
OBJECT MODULE PLACED IN .\Objects\global.obj
COMPILER INVOKED BY: D:\Keil_v5\C51\BIN\C51.EXE Code\global.c OPTIMIZE(8,SPEED) BROWSE INCDIR(.\Code) DEBUG OBJECTEXTEND
                    - PRINT(.\Listings\global.lst) OBJECT(.\Objects\global.obj)

line level    source

   1          #include <global.h>
   2          #include <STC15F2K60S2.h>
   3          
   4          /*
   5           *      138，573锁存控制
   6           *      @param 
   7           *      ID      元件序号
   8           *      val P0值 16进制
   9           */
  10          void LatchCtrl(u8 ID, u8 val)
  11          {
  12   1              P0 = val;
  13   1              P2 = ID << 5;
  14   1              P2 = 0x00;
  15   1              P0 = 0x00;
  16   1      }
  17          
  18          
  19          /*
  20           *  初始化系统，关闭蜂鸣器,数码管，LED
  21           *      @param
  22           *
  23           */
  24           void SysInit()
  25           {
  26   1               LatchCtrl(ULN_ID, 0x00);
  27   1               LatchCtrl(SEG_COM_ID, 0x00);
  28   1               LatchCtrl(LED_ID, 0xFF);
  29   1       }


MODULE INFORMATION:   STATIC OVERLAYABLE
   CODE SIZE        =     33    ----
   CONSTANT SIZE    =   ----    ----
   XDATA SIZE       =   ----    ----
   PDATA SIZE       =   ----    ----
   DATA SIZE        =   ----    ----
   IDATA SIZE       =   ----    ----
   BIT SIZE         =   ----    ----
END OF MODULE INFORMATION.


C51 COMPILATION COMPLETE.  0 WARNING(S),  0 ERROR(S)
