C51 COMPILER V9.57.0.0   RELAY                                                             05/02/2020 18:25:33 PAGE 1   


C51 COMPILER V9.57.0.0, COMPILATION OF MODULE RELAY
OBJECT MODULE PLACED IN .\Objects\relay.obj
COMPILER INVOKED BY: D:\Keil_v5\C51\BIN\C51.EXE Code\relay.c OPTIMIZE(8,SPEED) BROWSE INCDIR(.\Code) DEBUG OBJECTEXTEND 
                    -PRINT(.\Listings\relay.lst) OBJECT(.\Objects\relay.obj)

line level    source

   1          #include <relay.h>
   2          #include <global.h>
   3          
   4          
   5          /*
   6           *              打开继电器到m2,灯亮
   7           *
   8           */
   9           void Relay_m2()
  10           {
  11   1               LatchCtrl(ULN_ID, 0x10);
  12   1       }
  13          
  14          
  15          /*
  16           *              打开继电器到m1,灯灭
  17           *
  18           */
  19            void Relay_m1()
  20           {
  21   1               LatchCtrl(ULN_ID, 0x00);
  22   1       }


MODULE INFORMATION:   STATIC OVERLAYABLE
   CODE SIZE        =     14    ----
   CONSTANT SIZE    =   ----    ----
   XDATA SIZE       =   ----    ----
   PDATA SIZE       =   ----    ----
   DATA SIZE        =   ----    ----
   IDATA SIZE       =   ----    ----
   BIT SIZE         =   ----    ----
END OF MODULE INFORMATION.


C51 COMPILATION COMPLETE.  0 WARNING(S),  0 ERROR(S)
