C51 COMPILER V9.57.0.0   TIMER                                                             05/02/2020 18:25:33 PAGE 1   


C51 COMPILER V9.57.0.0, COMPILATION OF MODULE TIMER
OBJECT MODULE PLACED IN .\Objects\timer.obj
COMPILER INVOKED BY: D:\Keil_v5\C51\BIN\C51.EXE Code\timer.c OPTIMIZE(8,SPEED) BROWSE INCDIR(.\Code) DEBUG OBJECTEXTEND 
                    -PRINT(.\Listings\timer.lst) OBJECT(.\Objects\timer.obj)

line level    source

   1          #include <timer.h>
   2          #include <global.h>
   3          #include <intrins.h>
   4          #include <STC15F2K60S2.h>
   5          
   6          /*
   7           *      延时毫秒
   8           *      @param
   9           *      xms 时长（ms)
  10           *
  11           */
  12          void Delayms(u8 xms)            //@11.0592MHz
  13          {
  14   1              u8 i, j;
  15   1              do{
  16   2                      _nop_();
  17   2                      _nop_();
  18   2                      _nop_();
  19   2                      i = 11;
  20   2                      j = 190;
  21   2                      do
  22   2                      {
  23   3                              while (--j);
  24   3                      } while (--i);
  25   2              }while (--xms);
  26   1      }
  27          
  28          /*
  29           *      系统和数码管刷新中断 500us
  30           */
  31          void Timer0Init(void)           //500微秒@11.0592MHz
  32          {
  33   1              AUXR &= 0x7F;           //定时器时钟12T模式
  34   1              TMOD &= 0xF0;           //设置定时器模式
  35   1              TL0 = 0x33;             //设置定时初值
  36   1              TH0 = 0xFE;             //设置定时初值
  37   1              TF0 = 0;                //清除TF0标志
  38   1              TR0 = 1;                //定时器0开始计时
  39   1              ET0 = 1;
  40   1              EA = 1;
  41   1      }


MODULE INFORMATION:   STATIC OVERLAYABLE
   CODE SIZE        =     35    ----
   CONSTANT SIZE    =   ----    ----
   XDATA SIZE       =   ----    ----
   PDATA SIZE       =   ----    ----
   DATA SIZE        =   ----    ----
   IDATA SIZE       =   ----    ----
   BIT SIZE         =   ----    ----
END OF MODULE INFORMATION.


C51 COMPILATION COMPLETE.  0 WARNING(S),  0 ERROR(S)
