C51 COMPILER V9.57.0.0   KEYBOARD                                                          07/27/2020 10:07:35 PAGE 1   


C51 COMPILER V9.57.0.0, COMPILATION OF MODULE KEYBOARD
OBJECT MODULE PLACED IN .\Objects\keyboard.obj
COMPILER INVOKED BY: D:\Keil_v5\C51\BIN\C51.EXE Code\keyboard.c OPTIMIZE(8,SPEED) BROWSE INCDIR(.\Code) DEBUG OBJECTEXTE
                    -ND PRINT(.\Listings\keyboard.lst) TABS(2) OBJECT(.\Objects\keyboard.obj)

line level    source

   1          #include <keyboard.h>
   2          #include <intrins.h>
   3          #include <ds18b20.h>
   4          extern unsigned char SYS_STATE;
   5          extern unsigned char T;
   6          extern unsigned char SEG_CONTENT[];
   7          
   8          
   9          void Delay20ms()    //@12.000MHz
  10          {
  11   1        unsigned char i, j, k;
  12   1      
  13   1        _nop_();
  14   1        _nop_();
  15   1        i = 1;
  16   1        j = 234;
  17   1        k = 113;
  18   1        do
  19   1        {
  20   2          do
  21   2          {
  22   3            while (--k);
  23   3          } while (--j);
  24   2        } while (--i);
  25   1      }
  26          
  27          
  28          /*
  29           *  键盘扫描判断
  30           * @return
  31           * unsigned char 按键事件序号
  32           */
  33          unsigned char KeyScan()
  34          {
  35   1          unsigned char T_data_L;
  36   1          unsigned char T_data_H;
  37   1          if(S7 == 0){
  38   2              Delay20ms();
  39   2              if(S7 == 0){
  40   3                  while(S7 == 0);
  41   3                  return S7_PRESSED;
  42   3              }
  43   2          }
  44   1          else if(S6 == 0){
  45   2              Delay20ms();
  46   2              if(S6 == 0){
  47   3                  while(S6 == 0);
  48   3                  return S6_PRESSED;
  49   3              }
  50   2          }
  51   1          else if(S5 == 0){
  52   2              Delay20ms();
  53   2              if(S5 == 0){
  54   3                  while(S5 == 0);
C51 COMPILER V9.57.0.0   KEYBOARD                                                          07/27/2020 10:07:35 PAGE 2   

  55   3                  return S5_PRESSED;
  56   3              }
  57   2          }
  58   1          else if(S4 == 0){
  59   2              Delay20ms();
  60   2              if(S4 == 0){
  61   3                  while(S4 == 0){
  62   4                      if(SYS_STATE == IDLE){
  63   5                          while(init_ds18b20() != INIT_SUCC){
  64   6                              Delay20ms();
  65   6                          }
  66   5                          Write_DS18B20(0xCC);
  67   5                          Write_DS18B20(0x44);
  68   5                          while(P14 == 0)   ;
  69   5                          Delay20ms();
  70   5                          while(init_ds18b20() != INIT_SUCC){
  71   6                              Delay20ms();
  72   6                          }
  73   5                          Write_DS18B20(0xCC);
  74   5                          Write_DS18B20(0xBE);
  75   5                          T_data_L = Read_DS18B20();
  76   5                          T_data_H = Read_DS18B20();
  77   5                          T = (T_data_L >> 4) + (T_data_H << 4);
  78   5                          SEG_CONTENT[0] = 12;
  79   5                          SEG_CONTENT[1] = 12;
  80   5                          SEG_CONTENT[2] = 12;
  81   5                          SEG_CONTENT[3] = 12;
  82   5                          SEG_CONTENT[4] = 12;
  83   5                          SEG_CONTENT[5] = T / 10;
  84   5                          SEG_CONTENT[6] = T % 10;
  85   5                          SEG_CONTENT[7] = 11;
  86   5                          Delay20ms();
  87   5                          Delay20ms();
  88   5                      }
  89   4                  }
  90   3                  SEG_CONTENT[2] = 10;
  91   3                  SEG_CONTENT[5] = 10;
  92   3                  return S4_PRESSED;
  93   3              }
  94   2          }
  95   1          else{
  96   2              return NONE_PRESSED;
  97   2          }
  98   1          return NONE_PRESSED;
  99   1      }


MODULE INFORMATION:   STATIC OVERLAYABLE
   CODE SIZE        =    215    ----
   CONSTANT SIZE    =   ----    ----
   XDATA SIZE       =   ----    ----
   PDATA SIZE       =   ----    ----
   DATA SIZE        =   ----       1
   IDATA SIZE       =   ----    ----
   BIT SIZE         =   ----    ----
END OF MODULE INFORMATION.


C51 COMPILATION COMPLETE.  0 WARNING(S),  0 ERROR(S)
