C51 COMPILER V9.57.0.0   GLOBAL                                                            05/14/2020 20:37:59 PAGE 1   


C51 COMPILER V9.57.0.0, COMPILATION OF MODULE GLOBAL
OBJECT MODULE PLACED IN .\Objects\global.obj
COMPILER INVOKED BY: D:\Keil_v5\C51\BIN\C51.EXE Code\global.c OPTIMIZE(8,SPEED) BROWSE INCDIR(.\Code) DEBUG OBJECTEXTEND
                    - PRINT(.\Listings\global.lst) OBJECT(.\Objects\global.obj)

line level    source

   1          #include <global.h>
   2          #include <STC15F2K60S2.h>
   3          #include <intrins.h>
   4          
   5          /*
   6           *      138，573锁存控制
   7           *      @param 
   8           *      ID      元件序号
   9           *      val P0值 16进制
  10           */
  11          void LatchCtrl(u8 ID, u8 val)
  12          {
  13   1              P0 = val;
  14   1              P2 = (P2 & 0x1F) | (ID << 5);
  15   1              _nop_();_nop_();_nop_();_nop_();
  16   1              P2 = P2 & 0x1F;
  17   1              _nop_();_nop_();_nop_();_nop_();
  18   1              P0 = 0x00;
  19   1      }
  20          
  21          
  22          /*
  23           *  初始化系统，关闭蜂鸣器,数码管，LED
  24           *      @param
  25           *
  26           */
  27           void SysInit()
  28           {
  29   1               LatchCtrl(ULN_ID, 0x00);
  30   1               LatchCtrl(SEG_COM_ID, 0x00);
  31   1               LatchCtrl(LED_ID, 0xFF);
  32   1       }


MODULE INFORMATION:   STATIC OVERLAYABLE
   CODE SIZE        =     49    ----
   CONSTANT SIZE    =   ----    ----
   XDATA SIZE       =   ----    ----
   PDATA SIZE       =   ----    ----
   DATA SIZE        =   ----    ----
   IDATA SIZE       =   ----    ----
   BIT SIZE         =   ----    ----
END OF MODULE INFORMATION.


C51 COMPILATION COMPLETE.  0 WARNING(S),  0 ERROR(S)
