C51 COMPILER V9.57.0.0   IIC                                                               05/05/2020 16:43:57 PAGE 1   


C51 COMPILER V9.57.0.0, COMPILATION OF MODULE IIC
OBJECT MODULE PLACED IN .\Objects\iic.obj
COMPILER INVOKED BY: D:\Keil_v5\C51\BIN\C51.EXE Code\iic.c OPTIMIZE(8,SPEED) BROWSE INCDIR(.\Code) DEBUG OBJECTEXTEND PR
                    -INT(.\Listings\iic.lst) OBJECT(.\Objects\iic.obj)

line level    source

   1          /*
   2            程序说明: IIC总线驱动程序
   3            软件环境: Keil uVision 4.10 
   4            硬件环境: CT107单片机综合实训平台 8051，12MHz
   5            日    期: 2011-8-9
   6          */
   7          #include <iic.h>
   8          #include "reg52.h"
   9          #include "intrins.h"
  10          
  11          #define DELAY_TIME 20
  12          
  13          
  14          
  15          //总线引脚定义
  16          sbit SDA = P2^1;  /* 数据线 */
  17          sbit SCL = P2^0;  /* 时钟线 */
  18          
  19          void IIC_Delay(unsigned char i)
  20          {
  21   1          do{_nop_();}
  22   1          while(i--);        
  23   1      }
  24          //总线启动条件
  25          void IIC_Start(void)
  26          {
  27   1          SDA = 1;
  28   1          SCL = 1;
  29   1          IIC_Delay(DELAY_TIME);
  30   1          SDA = 0;
  31   1          IIC_Delay(DELAY_TIME);
  32   1          SCL = 0;    
  33   1      }
  34          
  35          //总线停止条件
  36          void IIC_Stop(void)
  37          {
  38   1          SDA = 0;
  39   1          SCL = 1;
  40   1          IIC_Delay(DELAY_TIME);
  41   1          SDA = 1;
  42   1          IIC_Delay(DELAY_TIME);
  43   1      }
  44          
  45          //发送应答
  46          void IIC_SendAck(bit ackbit)
  47          {
  48   1          SCL = 0;
  49   1          SDA = ackbit;                                       // 0：应答，1：非应答
  50   1          IIC_Delay(DELAY_TIME);
  51   1          SCL = 1;
  52   1          IIC_Delay(DELAY_TIME);
  53   1          SCL = 0; 
  54   1          SDA = 1;
C51 COMPILER V9.57.0.0   IIC                                                               05/05/2020 16:43:57 PAGE 2   

  55   1          IIC_Delay(DELAY_TIME);
  56   1      }
  57          
  58          //等待应答
  59          //返回SUCS/FAIL
  60          bit IIC_WaitAck(void)
  61          {
  62   1          bit ackbit;
  63   1              unsigned char i;
  64   1          SCL  = 1;
  65   1              for(i = 0; i < 200; i++){
  66   2                      IIC_Delay(DELAY_TIME);
  67   2                      ackbit = SDA;
  68   2                      if(ackbit == 0){
  69   3                              SCL = 0;
  70   3                              return SUCS;
  71   3                      }
  72   2              }
  73   1          return FAIL;
  74   1      }
  75          
  76          //通过I2C总线发送数据
  77          void IIC_SendByte(unsigned char byt)
  78          {
  79   1          unsigned char i;
  80   1      
  81   1          for(i=0; i<8; i++)
  82   1          {
  83   2              SCL  = 0;
  84   2              IIC_Delay(DELAY_TIME);
  85   2              if(byt & 0x80) SDA  = 1;
  86   2              else SDA  = 0;
  87   2              IIC_Delay(DELAY_TIME);
  88   2              SCL = 1;
  89   2              byt <<= 1;
  90   2              IIC_Delay(DELAY_TIME);
  91   2          }
  92   1          SCL  = 0;  
  93   1      }
  94          
  95          //从I2C总线上接收数据
  96          unsigned char IIC_RecByte(void)
  97          {
  98   1          unsigned char i, da;
  99   1          for(i=0; i<8; i++)
 100   1          {   
 101   2              SCL = 1;
 102   2              IIC_Delay(DELAY_TIME);
 103   2              da <<= 1;
 104   2              if(SDA) da |= 1;
 105   2              SCL = 0;
 106   2              IIC_Delay(DELAY_TIME);
 107   2          }
 108   1          return da;    
 109   1      }
 110          
 111          
 112          


MODULE INFORMATION:   STATIC OVERLAYABLE
   CODE SIZE        =    161    ----
C51 COMPILER V9.57.0.0   IIC                                                               05/05/2020 16:43:57 PAGE 3   

   CONSTANT SIZE    =   ----    ----
   XDATA SIZE       =   ----    ----
   PDATA SIZE       =   ----    ----
   DATA SIZE        =   ----    ----
   IDATA SIZE       =   ----    ----
   BIT SIZE         =   ----       2
END OF MODULE INFORMATION.


C51 COMPILATION COMPLETE.  0 WARNING(S),  0 ERROR(S)
