C51 COMPILER V9.57.0.0   MAIN                                                              05/14/2020 20:37:59 PAGE 1   


C51 COMPILER V9.57.0.0, COMPILATION OF MODULE MAIN
OBJECT MODULE PLACED IN .\Objects\main.obj
COMPILER INVOKED BY: D:\Keil_v5\C51\BIN\C51.EXE Code\main.c OPTIMIZE(8,SPEED) BROWSE INCDIR(.\Code) DEBUG OBJECTEXTEND P
                    -RINT(.\Listings\main.lst) OBJECT(.\Objects\main.obj)

line level    source

   1          #include <STC15F2K60S2.H>
   2          #include <global.h>
   3          #include <segment.h>
   4          #include <timer.h>
   5          #include <keyboard.h>
   6          #include <PCF8591.h>
   7          
   8          u8 AIN1;
   9          u16 Systick;
  10          extern u8 SegContent[8];
  11          
  12          void NumToContent(u8 n);
  13          
  14          void main()
  15          {
  16   1              Systick = 0;
  17   1              SysInit();
  18   1              Timer0Init();
  19   1              PCF8591_Init(1);
  20   1              while(1){
  21   2                      AIN1 = PCF8591_Read();
  22   2                      NumToContent(AIN1);
  23   2                      Delayms(1000);          
  24   2              }
  25   1      }
  26          
  27          
  28          //刷新数码管
  29          void T0_Inter() interrupt 1
  30          {
  31   1              if(Systick > 400000)    Systick = 0;
  32   1              if(Systick % 6 == 0)    SegFresh();
  33   1              Systick ++;
  34   1      }
  35          
  36          //计算显示值
  37          void NumToContent(u8 n)
  38          {
  39   1              SegContent[0] = n / 100;
  40   1              SegContent[1] = n / 10 % 10;
  41   1              SegContent[2] = n % 10;
  42   1      }
  43          


MODULE INFORMATION:   STATIC OVERLAYABLE
   CODE SIZE        =    167    ----
   CONSTANT SIZE    =   ----    ----
   XDATA SIZE       =   ----    ----
   PDATA SIZE       =   ----    ----
   DATA SIZE        =      3    ----
   IDATA SIZE       =   ----    ----
   BIT SIZE         =   ----    ----
END OF MODULE INFORMATION.

C51 COMPILER V9.57.0.0   MAIN                                                              05/14/2020 20:37:59 PAGE 2   


C51 COMPILATION COMPLETE.  0 WARNING(S),  0 ERROR(S)
