C51 COMPILER V9.57.0.0   PCF8591                                                           05/05/2020 16:43:57 PAGE 1   


C51 COMPILER V9.57.0.0, COMPILATION OF MODULE PCF8591
OBJECT MODULE PLACED IN .\Objects\PCF8591.obj
COMPILER INVOKED BY: D:\Keil_v5\C51\BIN\C51.EXE Code\PCF8591.c OPTIMIZE(8,SPEED) BROWSE INCDIR(.\Code) DEBUG OBJECTEXTEN
                    -D PRINT(.\Listings\PCF8591.lst) OBJECT(.\Objects\PCF8591.obj)

line level    source

   1          #include <global.h>
   2          #include <intrins.h>
   3          #include <STC15F2K60S2.h>
   4          #include <iic.h>
   5          
   6          #define SlaveAddrW 0x90
   7          #define SlaveAddrR 0x91
   8          
   9          /*
  10           *      初始化PCF8591
  11           *      @param
  12           *      channel 读取的通道
  13           */
  14          void PCF8591_Init(u8 channel)
  15          {
  16   1              IIC_Start();
  17   1              IIC_SendByte(SlaveAddrW);
  18   1              IIC_WaitAck();  
  19   1              IIC_SendByte(channel);  //关闭DA,AD通道选择
  20   1              IIC_WaitAck();
  21   1              IIC_SendByte(0x00);     //DA拉低
  22   1              IIC_WaitAck();
  23   1              IIC_Stop();
  24   1      }
  25          
  26          /*
  27           *      读取AD
  28           *      @return
  29           *      1Byte数据
  30           */
  31          u8 PCF8591_Read()
  32          {
  33   1              u8 da;
  34   1              IIC_Start();
  35   1              IIC_SendByte(SlaveAddrR);
  36   1              IIC_WaitAck();
  37   1              da = IIC_RecByte();
  38   1              IIC_SendAck(1);
  39   1              IIC_Stop();
  40   1              return da;
  41   1      }


MODULE INFORMATION:   STATIC OVERLAYABLE
   CODE SIZE        =     59    ----
   CONSTANT SIZE    =   ----    ----
   XDATA SIZE       =   ----    ----
   PDATA SIZE       =   ----    ----
   DATA SIZE        =   ----       2
   IDATA SIZE       =   ----    ----
   BIT SIZE         =   ----    ----
END OF MODULE INFORMATION.


C51 COMPILATION COMPLETE.  0 WARNING(S),  0 ERROR(S)
