C51 COMPILER V9.57.0.0   MAIN                                                              08/22/2020 10:54:22 PAGE 1   


C51 COMPILER V9.57.0.0, COMPILATION OF MODULE MAIN
OBJECT MODULE PLACED IN .\Objects\main.obj
COMPILER INVOKED BY: D:\Keil_v5\C51\BIN\C51.EXE Code\main.c OPTIMIZE(8,SPEED) BROWSE INCDIR(.\Code;.\Code) DEBUG OBJECTE
                    -XTEND PRINT(.\Listings\main.lst) TABS(2) OBJECT(.\Objects\main.obj)

line level    source

   1          #include <system.h>
   2          #include <oled.h>
   3          #include <picture.h>
   4          #include <ds1302.h>
   5          #include <c_types.h>
*** WARNING C318 IN LINE 5 OF Code\main.c: can't open file 'c_types.h'
   6          
   7          unsigned char HOUR_RUN = 22;    //实时时钟数值
   8          unsigned char MIN_RUN = 3;
   9          unsigned char SEC_RUN = 50;
  10          unsigned char SEG_X[] = {14, 38, 70, 94}; //数字位置
  11          void DS1302_ReadTime();
  12          void DS1302_WriteTime();
  13          
  14          void main()
  15          {
  16   1        System_Init();
  17   1        Latch_Ctrl(LED_ID, 0xFE);
  18   1        Initial_M096128x64_ssd1306();
  19   1        Set_Background();
  20   1        DS1302_WriteTime();
  21   1        while(1)
  22   1        {
  23   2          DS1302_ReadTime();
  24   2          Num_Display(NUM_TAB[HOUR_RUN / 10], SEG_X[0]);
  25   2          Num_Display(NUM_TAB[HOUR_RUN % 10], SEG_X[1]);
  26   2          Num_Display(NUM_TAB[MIN_RUN / 10], SEG_X[2]);
  27   2          Num_Display(NUM_TAB[MIN_RUN % 10], SEG_X[3]);   
  28   2        }
  29   1      }
  30          
  31          
  32          /*
  33           *  DS1302时钟写入
  34           * @param
  35           * hour min sec 写入的小时,分钟,秒
  36           */
  37          void DS1302_WriteTime()
  38          {
  39   1          Write_Ds1302(SEC_WRITE_ADDR,  ((SEC_RUN / 10) << 4) + (SEC_RUN % 10));  //写入秒
  40   1          Write_Ds1302(MIN_WRITE_ADDR,  ((MIN_RUN / 10) << 4) + (MIN_RUN % 10));  //写入分
  41   1          Write_Ds1302(HOUR_WRITE_ADDR, ((HOUR_RUN / 10) << 4) + (HOUR_RUN % 10)); //写入时
  42   1      }
  43          
  44          
  45          /*
  46           *  读取DS1302的时分秒
  47           */
  48          void DS1302_ReadTime()
  49          {
  50   1          unsigned char read_data, shi, ge;
  51   1          read_data = Read_Ds1302(SEC_READ_ADDR);
  52   1          shi = read_data >> 4;
  53   1          ge = read_data & 0x0F;
C51 COMPILER V9.57.0.0   MAIN                                                              08/22/2020 10:54:22 PAGE 2   

  54   1          SEC_RUN = shi * 10 + ge;
  55   1          read_data = Read_Ds1302(MIN_READ_ADDR);
  56   1          shi = read_data >> 4;
  57   1          ge = read_data & 0x0F;
  58   1          MIN_RUN = shi * 10 + ge;
  59   1          read_data = Read_Ds1302(HOUR_READ_ADDR);
  60   1          shi = read_data >> 4;
  61   1          ge = read_data & 0x0F;
  62   1          HOUR_RUN = shi * 10 + ge;
  63   1      }
  64          
  65          
  66          
  67          
  68          
  69          


MODULE INFORMATION:   STATIC OVERLAYABLE
   CODE SIZE        =    270    ----
   CONSTANT SIZE    =   2520    ----
   XDATA SIZE       =   ----    ----
   PDATA SIZE       =   ----    ----
   DATA SIZE        =      7    ----
   IDATA SIZE       =   ----    ----
   BIT SIZE         =   ----    ----
END OF MODULE INFORMATION.


C51 COMPILATION COMPLETE.  1 WARNING(S),  0 ERROR(S)
