C51 COMPILER V9.57.0.0   SYSTEM                                                            08/22/2020 10:54:22 PAGE 1   


C51 COMPILER V9.57.0.0, COMPILATION OF MODULE SYSTEM
OBJECT MODULE PLACED IN .\Objects\system.obj
COMPILER INVOKED BY: D:\Keil_v5\C51\BIN\C51.EXE Code\system.c OPTIMIZE(8,SPEED) BROWSE INCDIR(.\Code;.\Code) DEBUG OBJEC
                    -TEXTEND PRINT(.\Listings\system.lst) TABS(2) OBJECT(.\Objects\system.obj)

line level    source

   1          #include <system.h>
   2          #include <intrins.h>
   3          
   4          
   5          
   6          
   7          /*
   8           *  锁存器控制元件
   9           *  ID  元件序号  val P0数值
  10           */
  11          void Latch_Ctrl(unsigned char ID, unsigned char val)
  12          {
  13   1        P0 = val;
  14   1        P2 = ID << 5;
  15   1        _nop_();
  16   1        _nop_();
  17   1        _nop_();
  18   1        _nop_();
  19   1        P2 = P2 & 0x1F;
  20   1      }
  21          
  22          
  23          /* 系统初始化 */
  24          void System_Init()
  25          {
  26   1        Latch_Ctrl(LED_ID, 0xFF); //关闭LED灯
  27   1        Latch_Ctrl(ULN_ID, 0x00); //关闭蜂鸣器，继电器
  28   1        Latch_Ctrl(SEG_COM_ID, 0x00); //关闭数码管
  29   1      }
  30          
  31          
  32          /* Delay */


MODULE INFORMATION:   STATIC OVERLAYABLE
   CODE SIZE        =     34    ----
   CONSTANT SIZE    =   ----    ----
   XDATA SIZE       =   ----    ----
   PDATA SIZE       =   ----    ----
   DATA SIZE        =   ----    ----
   IDATA SIZE       =   ----    ----
   BIT SIZE         =   ----    ----
END OF MODULE INFORMATION.


C51 COMPILATION COMPLETE.  0 WARNING(S),  0 ERROR(S)
